============================= test session starts ==============================
platform linux -- Python 3.12.3, pytest-9.0.2, pluggy-1.6.0 -- /home/ai-whisperers/solstein/venv/bin/python3
cachedir: .pytest_cache
rootdir: /home/ai-whisperers/solstein
configfile: pyproject.toml
plugins: langsmith-0.7.3, cov-7.0.0, anyio-4.12.1, asyncio-1.3.0
asyncio: mode=Mode.STRICT, debug=False, asyncio_default_fixture_loop_scope=None, asyncio_default_test_loop_scope=function
collecting ... collected 145 items

tests/data_quality/test_ai_insights.py::test_golden_rocket_classification PASSED [  0%]
tests/data_quality/test_ai_insights.py::test_golden_dinosaur_classification PASSED [  1%]
tests/data_quality/test_ai_insights.py::test_golden_high_margin_hits_high_bonus PASSED [  2%]
tests/data_quality/test_ai_insights.py::test_ai_maturity_impact PASSED   [  2%]
tests/data_quality/test_ai_insights.py::test_neutral_boundary_at_7 PASSED [  3%]
tests/data_quality/test_ai_insights.py::test_saas_maturity_extremes PASSED [  4%]
tests/data_quality/test_ai_insights.py::test_global_presence_bonus PASSED [  4%]
tests/test_fastapi.py::test_health PASSED                                [  5%]
tests/test_fastapi.py::test_get_companies PASSED                         [  6%]
tests/test_fastapi.py::test_get_companies_response_schema PASSED         [  6%]
tests/test_fastapi.py::test_get_companies_filter_by_tier PASSED          [  7%]
tests/test_fastapi.py::test_get_company_by_id PASSED                     [  8%]
tests/test_fastapi.py::test_get_company_not_found PASSED                 [  8%]
tests/test_fastapi.py::test_create_company PASSED                        [  9%]
tests/test_fastapi.py::test_scoring_endpoint PASSED                      [ 10%]
tests/test_fastapi.py::test_scoring_endpoint_not_found PASSED            [ 11%]
tests/test_fastapi.py::test_market_analysis PASSED                       [ 11%]
tests/test_fastapi.py::test_market_analysis_empty_returns_200 PASSED     [ 12%]
tests/test_fastapi.py::test_market_overlap_endpoint PASSED               [ 13%]
tests/test_fastapi.py::test_market_overlap_not_found PASSED              [ 13%]
tests/test_fastapi.py::test_search_endpoint PASSED                       [ 14%]
tests/test_fastapi.py::test_search_endpoint_no_match PASSED              [ 15%]
tests/test_fastapi.py::test_stats_endpoint PASSED                        [ 15%]
tests/test_fastapi.py::test_unauthenticated_access_returns_anonymous PASSED [ 16%]
tests/test_fastapi.py::test_validation_error_handler PASSED              [ 17%]
tests/test_fastapi.py::test_http_exception_handler PASSED                [ 17%]
tests/test_fastapi.py::test_global_500_exception_handler PASSED          [ 18%]
tests/test_routers_coverage.py::test_batch_scoring_endpoint_temporal_success PASSED [ 19%]
tests/test_routers_coverage.py::test_batch_scoring_endpoint_fallback PASSED [ 20%]
tests/test_routers_coverage.py::test_run_simulation_endpoint PASSED      [ 20%]
tests/test_routers_coverage.py::test_run_simulation_endpoint_no_companies PASSED [ 21%]
tests/test_routers_export_jobs.py::test_export_to_excel PASSED           [ 22%]
tests/test_routers_export_jobs.py::test_export_to_json PASSED            [ 22%]
tests/test_routers_export_jobs.py::test_export_to_json_not_found PASSED  [ 23%]
tests/test_routers_export_jobs.py::test_get_job_status_completed PASSED  [ 24%]
tests/test_routers_export_jobs.py::test_get_job_status_running PASSED    [ 24%]
tests/unit/test_analytics_activities.py::test_get_repo_fallback PASSED   [ 25%]
tests/unit/test_analytics_activities.py::test_calculate_company_score PASSED [ 26%]
tests/unit/test_analytics_activities.py::test_calculate_company_score_not_found PASSED [ 26%]
tests/unit/test_analytics_activities.py::test_fetch_market_company_ids PASSED [ 27%]
tests/unit/test_analytics_simulation.py::test_simulation_engine_interest_rates_up PASSED [ 28%]
tests/unit/test_analytics_simulation.py::test_simulation_engine_interest_rates_down PASSED [ 28%]
tests/unit/test_analytics_simulation.py::test_simulation_sector_growth PASSED [ 29%]
tests/unit/test_analytics_simulation.py::test_simulation_inflation PASSED [ 30%]
tests/unit/test_analytics_simulation.py::test_simulation_competitor_activity PASSED [ 31%]
tests/unit/test_analytics_simulation.py::test_simulation_ignores_unaffected_industry PASSED [ 31%]
tests/unit/test_cli.py::test_cli_version PASSED                          [ 32%]
tests/unit/test_cli.py::test_cli_extract_no_profiles PASSED              [ 33%]
tests/unit/test_cli.py::test_cli_score PASSED                            [ 33%]
tests/unit/test_cli.py::test_cli_analyze_market PASSED                   [ 34%]
tests/unit/test_cli.py::test_cli_compare PASSED                          [ 35%]
tests/unit/test_cli.py::test_cli_compare_not_found PASSED                [ 35%]
tests/unit/test_cli.py::test_cli_verbose PASSED                          [ 36%]
tests/unit/test_exporters.py::TestExcelExporter::test_create_styles PASSED [ 37%]
tests/unit/test_exporters.py::TestExcelExporter::test_create_dashboard PASSED [ 37%]
tests/unit/test_exporters.py::TestExcelExporter::test_create_dashboard_empty PASSED [ 38%]
tests/unit/test_exporters.py::TestTemplateExporter::test_create_dashboard_not_implemented PASSED [ 39%]
tests/unit/test_extractors.py::test_markdown_extractor_parse_content PASSED [ 40%]
tests/unit/test_extractors.py::test_markdown_extractor_to_profile PASSED [ 40%]
tests/unit/test_extractors.py::test_markdown_extractor_extract_from_file PASSED [ 41%]
tests/unit/test_extractors.py::test_markdown_extractor_extract_file_fail PASSED [ 42%]
tests/unit/test_extractors.py::test_batch_extractor_extract_directory PASSED [ 42%]
tests/unit/test_extractors.py::test_batch_extractor_extract_directory_missing PASSED [ 43%]
tests/unit/test_extractors.py::test_parse_numeric PASSED                 [ 44%]
tests/unit/test_extractors.py::test_parse_percentage PASSED              [ 44%]
tests/unit/test_extractors.py::test_parse_ai_maturity PASSED             [ 45%]
tests/unit/test_extractors.py::test_parse_threat_level PASSED            [ 46%]
tests/unit/test_extractors.py::test_parse_tier PASSED                    [ 46%]
tests/unit/test_json_repositories.py::test_json_repo_get_all_no_filters PASSED [ 47%]
tests/unit/test_json_repositories.py::test_json_repo_get_all_with_filters_and_limit PASSED [ 48%]
tests/unit/test_json_repositories.py::test_json_repo_get_by_id PASSED    [ 48%]
tests/unit/test_json_repositories.py::test_json_repo_save_delete PASSED  [ 49%]
tests/unit/test_json_repositories.py::test_json_repo_search PASSED       [ 50%]
tests/unit/test_loaders.py::test_loader_missing_file PASSED              [ 51%]
tests/unit/test_loaders.py::test_loader_success PASSED                   [ 51%]
tests/unit/test_loaders.py::test_loader_invalid_json PASSED              [ 52%]
tests/unit/test_models.py::TestFinancialMetric::test_create_financial_metric PASSED [ 53%]
tests/unit/test_models.py::TestFinancialMetric::test_all_fields_default_to_none PASSED [ 53%]
tests/unit/test_models.py::TestFinancialMetric::test_numeric_parsing SKIPPED [ 54%]
tests/unit/test_models.py::TestFinancialMetric::test_validation_bounds SKIPPED [ 55%]
tests/unit/test_models.py::TestCompany::test_create_company PASSED       [ 55%]
tests/unit/test_models.py::TestCompany::test_properties_happy_path PASSED [ 56%]
tests/unit/test_models.py::TestCompany::test_is_large_cap_false_when_no_valuation PASSED [ 57%]
tests/unit/test_models.py::TestCompany::test_is_large_cap_false_when_valuation_below_threshold PASSED [ 57%]
tests/unit/test_models.py::TestCompany::test_is_large_cap_true_exactly_above_threshold PASSED [ 58%]
tests/unit/test_models.py::TestCompany::test_is_high_growth_false_when_growth_rate_none PASSED [ 59%]
tests/unit/test_models.py::TestCompany::test_is_high_growth_false_at_exactly_20 PASSED [ 60%]
tests/unit/test_models.py::TestCompany::test_is_high_growth_true_above_20 PASSED [ 60%]
tests/unit/test_models.py::TestCompany::test_is_profitable_false_when_profit_margin_none PASSED [ 61%]
tests/unit/test_models.py::TestCompany::test_is_profitable_false_at_zero PASSED [ 62%]
tests/unit/test_models.py::TestCompany::test_is_profitable_false_negative PASSED [ 62%]
tests/unit/test_models.py::TestCompany::test_is_profitable_true_positive PASSED [ 63%]
tests/unit/test_models.py::TestCompany::test_company_with_empty_tech_stack PASSED [ 64%]
tests/unit/test_models.py::TestCompany::test_company_with_no_employees_is_valid PASSED [ 64%]
tests/unit/test_models.py::TestCompany::test_company_with_no_revenue_is_valid PASSED [ 65%]
tests/unit/test_models.py::TestCompany::test_scores_default_to_none PASSED [ 66%]
tests/unit/test_models.py::TestCompetitiveOverlap::test_create_competitive_overlap PASSED [ 66%]
tests/unit/test_models.py::TestCompetitiveOverlap::test_competitive_overlap_defaults PASSED [ 67%]
tests/unit/test_models.py::TestMarketAnalysis::test_create_market_analysis PASSED [ 68%]
tests/unit/test_models.py::TestMarketAnalysis::test_company_count_property PASSED [ 68%]
tests/unit/test_models.py::TestMarketAnalysis::test_average_growth_rate_property PASSED [ 69%]
tests/unit/test_models.py::TestMarketAnalysis::test_average_growth_rate_none_when_no_data PASSED [ 70%]
tests/unit/test_models.py::TestMarketAnalysis::test_market_leaders_returns_tier1_only PASSED [ 71%]
tests/unit/test_models.py::TestEnums::test_confidence_level PASSED       [ 71%]
tests/unit/test_models.py::TestEnums::test_ai_maturity PASSED            [ 72%]
tests/unit/test_models.py::TestEnums::test_company_tier PASSED           [ 73%]
tests/unit/test_models.py::TestEnums::test_threat_level PASSED           [ 73%]
tests/unit/test_repositories.py::test_supabase_to_domain_mapping PASSED  [ 74%]
tests/unit/test_repositories.py::test_supabase_to_record_mapping PASSED  [ 75%]
tests/unit/test_repositories.py::test_get_all_with_filters PASSED        [ 75%]
tests/unit/test_repositories.py::test_get_by_id_found PASSED             [ 76%]
tests/unit/test_repositories.py::test_get_by_id_not_found PASSED         [ 77%]
tests/unit/test_repositories.py::test_save PASSED                        [ 77%]
tests/unit/test_repositories.py::test_delete PASSED                      [ 78%]
tests/unit/test_repositories.py::test_search PASSED                      [ 79%]
tests/unit/test_scoring.py::test_calculate_growth_score_rocket PASSED    [ 80%]
tests/unit/test_scoring.py::test_calculate_growth_score_dinosaur PASSED  [ 80%]
tests/unit/test_scoring.py::test_calculate_scores_returns_same_company_object PASSED [ 81%]
tests/unit/test_scoring.py::test_growth_score_ranges[0.0-4.9-5.1] PASSED [ 82%]
tests/unit/test_scoring.py::test_growth_score_ranges[20.0-5.9-6.1] PASSED [ 82%]
tests/unit/test_scoring.py::test_growth_score_ranges[45.0-7.2-7.3] PASSED [ 83%]
tests/unit/test_scoring.py::test_growth_score_ranges[400.0-8.9-9.1] PASSED [ 84%]
tests/unit/test_scoring.py::test_growth_score_ranges[-10.0-4.4-4.6] PASSED [ 84%]
tests/unit/test_scoring.py::test_growth_score_ranges[-40.0-2.9-3.1] PASSED [ 85%]
tests/unit/test_scoring.py::test_growth_score_always_clamped_to_10 PASSED [ 86%]
tests/unit/test_scoring.py::test_growth_score_never_below_zero PASSED    [ 86%]
tests/unit/test_scoring.py::test_financial_health_score_clamped PASSED   [ 87%]
tests/unit/test_scoring.py::test_competitive_position_score_tier1_very_strong_ai PASSED [ 88%]
tests/unit/test_scoring.py::test_competitive_position_score_tier4_no_ai PASSED [ 88%]
tests/unit/test_scoring.py::test_custom_scoring_config_is_respected PASSED [ 89%]
tests/unit/test_scoring.py::test_market_analysis_swot PASSED             [ 90%]
tests/unit/test_scoring.py::test_determine_barriers_few_companies PASSED [ 91%]
tests/unit/test_scoring.py::test_determine_barriers_many_companies PASSED [ 91%]
tests/unit/test_scoring.py::test_market_analysis_average_growth PASSED   [ 92%]
tests/unit/test_scoring.py::test_overlap_same_industry_same_tier PASSED  [ 93%]
tests/unit/test_scoring.py::test_overlap_different_industry PASSED       [ 93%]
tests/unit/test_scoring.py::test_geographic_overlap_identical PASSED     [ 94%]
tests/unit/test_scoring.py::test_geographic_overlap_no_intersection PASSED [ 95%]
tests/unit/test_scoring.py::test_geographic_overlap_partial PASSED       [ 95%]
tests/unit/test_scoring.py::test_technology_overlap_identical PASSED     [ 96%]
tests/unit/test_scoring.py::test_technology_overlap_no_intersection PASSED [ 97%]
tests/unit/test_scoring.py::test_tier_proximity_same_tier PASSED         [ 97%]
tests/unit/test_scoring.py::test_tier_proximity_max_distance PASSED      [ 98%]
tests/unit/test_scoring.py::test_tier_proximity_adjacent PASSED          [ 99%]
tests/unit/test_worker.py::test_run_worker PASSED                        [100%]

=============================== warnings summary ===============================
src/solstein/api/main.py:92
  /home/ai-whisperers/solstein/src/solstein/api/main.py:92: DeprecationWarning: 
          on_event is deprecated, use lifespan event handlers instead.
  
          Read more about it in the
          [FastAPI docs for Lifespan Events](https://fastapi.tiangolo.com/advanced/events/).
          
    @app.on_event("startup")

venv/lib/python3.12/site-packages/fastapi/applications.py:4573
venv/lib/python3.12/site-packages/fastapi/applications.py:4573
  /home/ai-whisperers/solstein/venv/lib/python3.12/site-packages/fastapi/applications.py:4573: DeprecationWarning: 
          on_event is deprecated, use lifespan event handlers instead.
  
          Read more about it in the
          [FastAPI docs for Lifespan Events](https://fastapi.tiangolo.com/advanced/events/).
          
    return self.router.on_event(event_type)

src/solstein/api/main.py:113
  /home/ai-whisperers/solstein/src/solstein/api/main.py:113: DeprecationWarning: 
          on_event is deprecated, use lifespan event handlers instead.
  
          Read more about it in the
          [FastAPI docs for Lifespan Events](https://fastapi.tiangolo.com/advanced/events/).
          
    @app.on_event("shutdown")

-- Docs: https://docs.pytest.org/en/stable/how-to/capture-warnings.html
================================ tests coverage ================================
_______________ coverage: platform linux, python 3.12.3-final-0 ________________

Name                                            Stmts   Miss  Cover   Missing
-----------------------------------------------------------------------------
src/solstein/__init__.py                           23      4    83%   40-41, 47-48
src/solstein/analytics/activities.py               34      4    88%   21-24
src/solstein/analytics/scoring.py                 300    100    67%   25, 68, 102-111, 122, 204-215, 227, 229, 231, 234-235, 293-295, 304-306, 372, 388-393, 397-409, 420-441, 445-456, 469-475, 481-497, 508-515, 550-551, 563, 569, 579, 585, 595-609
src/solstein/analytics/simulation.py               54      1    98%   61
src/solstein/analytics/workflows.py                17      8    53%   20-46
src/solstein/api/__init__.py                        0      0   100%
src/solstein/api/dependencies.py                   21     12    43%   19-29, 37-41
src/solstein/api/exceptions.py                     28      0   100%
src/solstein/api/main.py                           45      4    91%   84, 102, 109, 121
src/solstein/api/middleware.py                     23      0   100%
src/solstein/api/routers/companies.py              64     18    72%   37-39, 64-66, 109-111, 124-135
src/solstein/api/routers/export.py                 60      7    88%   49, 58-60, 120-122
src/solstein/api/routers/jobs.py                   26      5    81%   48-49, 52-54
src/solstein/api/routers/market.py                 72     17    76%   31, 45, 62-64, 96-97, 105-107, 135-138, 149-151
src/solstein/api/routers/scoring.py                74     12    84%   56-58, 117-119, 175-183
src/solstein/api/routers/simulation.py             32      4    88%   34, 82-84
src/solstein/api/schemas.py                       107      7    93%   52-64
src/solstein/cli.py                               147     30    80%   67-77, 88-103, 151-153, 188, 212-213, 236-238, 252, 256
src/solstein/config.py                            143     40    72%   28-30, 42-43, 48-51, 82, 96-98, 114-117, 131-140, 187, 201-206, 219, 233-263, 321-322
src/solstein/core/repositories.py                  28      5    82%   37, 42, 47, 52, 57
src/solstein/core/scoring_config.py                59      0   100%
src/solstein/core/supabase_client.py               18      9    50%   21-32, 37
src/solstein/data/loaders.py                      119     24    80%   32, 47, 62, 69-71, 124, 128, 133, 165, 170-173, 181, 183, 187, 196, 198, 200, 202, 204, 206, 212-213
src/solstein/data/repositories.py                 135      4    97%   25, 111, 151, 187
src/solstein/domain/models.py                     120      0   100%
src/solstein/domain/simulation.py                  34      0   100%
src/solstein/exporters/excel_exporter.py          156      7    96%   106, 223, 283, 287, 370-372
src/solstein/extractors/markdown_extractor.py     169     27    84%   190, 200, 207, 215, 217, 219, 225, 233, 259-268, 290-291, 298-307
src/solstein/worker.py                             17      1    94%   43
-----------------------------------------------------------------------------
TOTAL                                            2125    350    84%
================== 143 passed, 2 skipped, 4 warnings in 1.94s ==================
