============================= test session starts ==============================
platform linux -- Python 3.14.3, pytest-9.0.2, pluggy-1.6.0 -- /home/ai-whisperers/.linuxbrew/opt/python@3.14/bin/python3.14
cachedir: .pytest_cache
rootdir: /home/ai-whisperers/solstein
configfile: pytest.ini (WARNING: ignoring pytest config in pyproject.toml!)
plugins: langsmith-0.7.7, cov-7.0.0, anyio-4.12.1, asyncio-1.3.0, httpx-0.36.0
asyncio: mode=Mode.AUTO, debug=False, asyncio_default_fixture_loop_scope=function, asyncio_default_test_loop_scope=function
collecting ... collected 1577 items / 1 skipped

tests/data_quality/test_ai_insights.py::test_golden_phoenix_classification FAILED [  0%]
tests/data_quality/test_ai_insights.py::test_golden_lead_classification FAILED [  0%]
tests/data_quality/test_ai_insights.py::test_golden_high_margin_hits_high_bonus FAILED [  0%]
tests/data_quality/test_ai_insights.py::test_ai_maturity_impact FAILED   [  0%]
tests/data_quality/test_ai_insights.py::test_salt_boundary_at_7 FAILED   [  0%]
tests/data_quality/test_ai_insights.py::test_saas_maturity_extremes FAILED [  0%]
tests/data_quality/test_ai_insights.py::test_global_presence_bonus FAILED [  0%]
tests/data_quality/test_eneve_consistency_validation.py::TestEnevelConsistencyValidation::test_eneve_consistency_single_run PASSED [  0%]
tests/data_quality/test_eneve_consistency_validation.py::TestEnevelConsistencyValidation::test_eneve_consistency_multiple_runs PASSED [  0%]
tests/data_quality/test_eneve_consistency_validation.py::TestEnevelConsistencyValidation::test_eneve_consistency_classification_stable FAILED [  0%]
tests/data_quality/test_eneve_consistency_validation.py::TestEnevelConsistencyValidation::test_eneve_consistency_deterministic PASSED [  0%]
tests/data_quality/test_eneve_consistency_validation.py::TestEnevelConsistencyValidation::test_eneve_consistency_no_randomness PASSED [  0%]
tests/data_quality/test_eneve_consistency_validation.py::TestEnevelConsistencyValidation::test_eneve_consistency_reproducible PASSED [  0%]
tests/data_quality/test_eneve_consistency_validation.py::TestEnevelConsistencyValidation::test_eneve_consistency_within_golden_range FAILED [  0%]
tests/data_quality/test_eneve_consistency_validation.py::TestEnevelConsistencyValidation::test_eneve_consistency_variance_calculation PASSED [  0%]
tests/data_quality/test_eneve_consistency_validation.py::TestEnevelConsistencyValidation::test_eneve_consistency_all_dimensions PASSED [  1%]
tests/data_quality/test_eneve_consistency_validation.py::TestEnevelConsistencyValidation::test_eneve_consistency_scoring_breakdown PASSED [  1%]
tests/data_quality/test_golden_dataset_regression.py::TestGoldenDatasetRegression::test_golden_dataset_exists PASSED [  1%]
tests/data_quality/test_golden_dataset_regression.py::TestGoldenDatasetRegression::test_golden_dataset_has_required_fields PASSED [  1%]
tests/data_quality/test_golden_dataset_regression.py::TestGoldenDatasetRegression::test_golden_dataset_score_ranges_valid PASSED [  1%]
tests/data_quality/test_golden_dataset_regression.py::TestGoldenDatasetRegression::test_golden_dataset_classifications_valid PASSED [  1%]
tests/data_quality/test_golden_dataset_regression.py::TestGoldenDatasetRegression::test_golden_dataset_has_phoenix_companies PASSED [  1%]
tests/data_quality/test_golden_dataset_regression.py::TestGoldenDatasetRegression::test_golden_dataset_has_salt_companies PASSED [  1%]
tests/data_quality/test_golden_dataset_regression.py::TestGoldenDatasetRegression::test_golden_dataset_has_lead_companies PASSED [  1%]
tests/data_quality/test_golden_dataset_regression.py::TestGoldenDatasetRegression::test_get_golden_company_by_id PASSED [  1%]
tests/data_quality/test_golden_dataset_regression.py::TestGoldenDatasetRegression::test_get_golden_company_by_name PASSED [  1%]
tests/data_quality/test_golden_dataset_regression.py::TestGoldenDatasetRegression::test_get_golden_company_by_name_case_insensitive PASSED [  1%]
tests/data_quality/test_golden_dataset_regression.py::TestGoldenDatasetRegression::test_get_nonexistent_golden_company_by_id PASSED [  1%]
tests/data_quality/test_golden_dataset_regression.py::TestGoldenDatasetRegression::test_get_nonexistent_golden_company_by_name PASSED [  1%]
tests/data_quality/test_golden_dataset_regression.py::TestGoldenDatasetRegression::test_validate_composite_score_within_range PASSED [  1%]
tests/data_quality/test_golden_dataset_regression.py::TestGoldenDatasetRegression::test_validate_composite_score_outside_range PASSED [  1%]
tests/data_quality/test_golden_dataset_regression.py::TestGoldenDatasetRegression::test_validate_classification_match PASSED [  2%]
tests/data_quality/test_golden_dataset_regression.py::TestGoldenDatasetRegression::test_validate_classification_mismatch PASSED [  2%]
tests/data_quality/test_golden_dataset_regression.py::TestGoldenDatasetRegression::test_validate_ai_score_within_range PASSED [  2%]
tests/data_quality/test_golden_dataset_regression.py::TestGoldenDatasetRegression::test_validate_ai_score_outside_range PASSED [  2%]
tests/data_quality/test_golden_dataset_regression.py::TestGoldenDatasetRegression::test_validate_ai_score_no_expectation PASSED [  2%]
tests/data_quality/test_golden_dataset_regression.py::TestGoldenDatasetRegression::test_validate_ai_maturity_match PASSED [  2%]
tests/data_quality/test_golden_dataset_regression.py::TestGoldenDatasetRegression::test_validate_ai_maturity_mismatch PASSED [  2%]
tests/data_quality/test_golden_dataset_regression.py::TestGoldenDatasetRegression::test_validate_ai_maturity_no_expectation PASSED [  2%]
tests/data_quality/test_golden_dataset_regression.py::TestGoldenDatasetRegression::test_phoenix_companies_have_high_scores PASSED [  2%]
tests/data_quality/test_golden_dataset_regression.py::TestGoldenDatasetRegression::test_salt_companies_have_medium_scores PASSED [  2%]
tests/data_quality/test_golden_dataset_regression.py::TestGoldenDatasetRegression::test_lead_companies_have_low_scores PASSED [  2%]
tests/data_quality/test_golden_dataset_regression.py::TestGoldenDatasetRegression::test_phoenix_companies_have_high_ai_scores PASSED [  2%]
tests/data_quality/test_golden_dataset_regression.py::TestGoldenDatasetRegression::test_lead_companies_have_low_ai_scores PASSED [  2%]
tests/data_quality/test_golden_dataset_regression.py::TestGoldenDatasetRegression::test_golden_dataset_includes_eneve PASSED [  2%]
tests/data_quality/test_golden_dataset_regression.py::TestGoldenDatasetRegression::test_golden_dataset_includes_octopus_energy PASSED [  2%]
tests/data_quality/test_golden_dataset_regression.py::TestGoldenDatasetRegression::test_golden_dataset_includes_edge_cases PASSED [  2%]
tests/data_quality/test_golden_dataset_regression.py::TestGoldenDatasetRegression::test_golden_dataset_consistency PASSED [  3%]
tests/integration/test_api_e2e.py::TestCompaniesEndpoints::test_get_all_companies_endpoint FAILED [  3%]
tests/integration/test_api_e2e.py::TestCompaniesEndpoints::test_get_all_companies_with_pagination FAILED [  3%]
tests/integration/test_api_e2e.py::TestCompaniesEndpoints::test_get_all_companies_with_tier_filter FAILED [  3%]
tests/integration/test_api_e2e.py::TestCompaniesEndpoints::test_get_all_companies_with_industry_filter FAILED [  3%]
tests/integration/test_api_e2e.py::TestCompaniesEndpoints::test_get_all_companies_with_revenue_filter FAILED [  3%]
tests/integration/test_api_e2e.py::TestCompaniesEndpoints::test_get_company_by_id_endpoint FAILED [  3%]
tests/integration/test_api_e2e.py::TestCompaniesEndpoints::test_get_company_by_id_not_found FAILED [  3%]
tests/integration/test_api_e2e.py::TestCompaniesEndpoints::test_create_company_endpoint FAILED [  3%]
tests/integration/test_api_e2e.py::TestCompaniesEndpoints::test_create_company_missing_required_fields FAILED [  3%]
tests/integration/test_api_e2e.py::TestCompaniesEndpoints::test_create_company_invalid_data_type FAILED [  3%]
tests/integration/test_api_e2e.py::TestCompaniesEndpoints::test_update_company_endpoint FAILED [  3%]
tests/integration/test_api_e2e.py::TestCompaniesEndpoints::test_update_company_not_found FAILED [  3%]
tests/integration/test_api_e2e.py::TestCompaniesEndpoints::test_delete_company_endpoint FAILED [  3%]
tests/integration/test_api_e2e.py::TestCompaniesEndpoints::test_delete_company_not_found FAILED [  3%]
tests/integration/test_api_e2e.py::TestMarketEndpoints::test_get_market_analysis_endpoint FAILED [  3%]
tests/integration/test_api_e2e.py::TestMarketEndpoints::test_get_market_analysis_with_industry_filter FAILED [  4%]
tests/integration/test_api_e2e.py::TestMarketEndpoints::test_get_market_analysis_with_region_filter FAILED [  4%]
tests/integration/test_api_e2e.py::TestMarketEndpoints::test_get_market_analysis_with_multiple_filters FAILED [  4%]
tests/integration/test_api_e2e.py::TestMarketEndpoints::test_get_competitive_overlap_endpoint FAILED [  4%]
tests/integration/test_api_e2e.py::TestMarketEndpoints::test_get_competitive_overlap_not_found FAILED [  4%]
tests/integration/test_api_e2e.py::TestScoringEndpoints::test_score_company_endpoint FAILED [  4%]
tests/integration/test_api_e2e.py::TestScoringEndpoints::test_score_company_not_found FAILED [  4%]
tests/integration/test_api_e2e.py::TestScoringEndpoints::test_score_company_response_structure FAILED [  4%]
tests/integration/test_api_e2e.py::TestScoringEndpoints::test_score_company_classification_values FAILED [  4%]
tests/integration/test_api_e2e.py::TestScoringEndpoints::test_score_company_numeric_scores FAILED [  4%]
tests/integration/test_api_e2e.py::TestScoringEndpoints::test_get_scoring_stats_endpoint FAILED [  4%]
tests/integration/test_api_e2e.py::TestExportEndpoints::test_export_to_excel_endpoint FAILED [  4%]
tests/integration/test_api_e2e.py::TestExportEndpoints::test_export_to_excel_with_industry_filter FAILED [  4%]
tests/integration/test_api_e2e.py::TestExportEndpoints::test_export_to_excel_with_charts FAILED [  4%]
tests/integration/test_api_e2e.py::TestExportEndpoints::test_export_to_excel_without_charts FAILED [  4%]
tests/integration/test_api_e2e.py::TestExportEndpoints::test_export_to_json_endpoint FAILED [  5%]
tests/integration/test_api_e2e.py::TestExportEndpoints::test_export_to_json_with_industry_filter FAILED [  5%]
tests/integration/test_api_e2e.py::TestExportEndpoints::test_export_to_csv_endpoint PASSED [  5%]
tests/integration/test_api_e2e.py::TestExportEndpoints::test_export_filename_format FAILED [  5%]
tests/integration/test_api_e2e.py::TestHealthEndpoints::test_health_check_endpoint PASSED [  5%]
tests/integration/test_api_e2e.py::TestHealthEndpoints::test_health_check_alias_endpoint PASSED [  5%]
tests/integration/test_api_e2e.py::TestHealthEndpoints::test_health_check_response_structure PASSED [  5%]
tests/integration/test_api_e2e.py::TestErrorHandling::test_invalid_endpoint_returns_404 PASSED [  5%]
tests/integration/test_api_e2e.py::TestErrorHandling::test_invalid_http_method_returns_405_or_422 PASSED [  5%]
tests/integration/test_api_e2e.py::TestErrorHandling::test_malformed_json_returns_400 PASSED [  5%]
tests/integration/test_api_e2e.py::TestErrorHandling::test_missing_required_parameter_returns_422 FAILED [  5%]
tests/integration/test_api_e2e.py::TestAPIIntegration::test_health_check_always_works PASSED [  5%]
tests/integration/test_api_e2e.py::TestAPIIntegration::test_multiple_health_checks PASSED [  5%]
tests/integration/test_api_e2e.py::TestAPIIntegration::test_endpoint_paths_exist FAILED [  5%]
tests/integration/test_api_e2e.py::TestAPIIntegration::test_api_responds_to_requests PASSED [  5%]
tests/integration/test_api_endpoints.py::TestCompaniesAPI::test_get_companies FAILED [  5%]
tests/integration/test_api_endpoints.py::TestCompaniesAPI::test_get_company_by_id ERROR [  6%]
tests/integration/test_api_endpoints.py::TestCompaniesAPI::test_create_company FAILED [  6%]
tests/integration/test_api_endpoints.py::TestCompaniesAPI::test_update_company ERROR [  6%]
tests/integration/test_api_endpoints.py::TestCompaniesAPI::test_search_companies FAILED [  6%]
tests/integration/test_api_endpoints.py::TestResearchRunsAPI::test_get_research_runs FAILED [  6%]
tests/integration/test_api_endpoints.py::TestResearchRunsAPI::test_get_research_run_by_id ERROR [  6%]
tests/integration/test_api_endpoints.py::TestResearchRunsAPI::test_create_research_run FAILED [  6%]
tests/integration/test_api_endpoints.py::TestFactsAPI::test_get_facts FAILED [  6%]
tests/integration/test_api_endpoints.py::TestFactsAPI::test_get_facts_by_company PASSED [  6%]
tests/integration/test_api_endpoints.py::TestFactsAPI::test_create_fact FAILED [  6%]
tests/integration/test_api_endpoints.py::TestSignalsAPI::test_get_signals FAILED [  6%]
tests/integration/test_api_endpoints.py::TestSignalsAPI::test_get_signals_by_company PASSED [  6%]
tests/integration/test_api_endpoints.py::TestHealthEndpoints::test_health_check PASSED [  6%]
tests/integration/test_api_endpoints.py::TestHealthEndpoints::test_ready_check PASSED [  6%]
tests/integration/test_api_endpoints.py::TestErrorHandling::test_404_not_found FAILED [  6%]
tests/integration/test_api_endpoints.py::TestErrorHandling::test_422_validation_error FAILED [  6%]
tests/integration/test_api_endpoints.py::TestErrorHandling::test_invalid_json PASSED [  7%]
tests/integration/test_api_endpoints.py::TestAPIDatabaseIntegration::test_api_uses_database ERROR [  7%]
tests/integration/test_api_endpoints.py::TestAPIDatabaseIntegration::test_api_pagination FAILED [  7%]
tests/integration/test_api_endpoints.py::TestAPIDatabaseIntegration::test_api_filtering FAILED [  7%]
tests/integration/test_api_endpoints.py::TestAPIPerformance::test_response_time FAILED [  7%]
tests/integration/test_api_endpoints.py::TestAPIPerformance::test_concurrent_requests PASSED [  7%]
tests/integration/test_connector_enrichment.py::TestSECEdgarEnrichment::test_sec_edgar_skips_without_ticker PASSED [  7%]
tests/integration/test_connector_enrichment.py::TestSECEdgarEnrichment::test_sec_edgar_preserves_existing_data PASSED [  7%]
tests/integration/test_connector_enrichment.py::TestSECEdgarEnrichment::test_sec_edgar_returns_company PASSED [  7%]
tests/integration/test_connector_enrichment.py::TestCompaniesHouseEnrichment::test_companies_house_skips_without_company_number PASSED [  7%]
tests/integration/test_connector_enrichment.py::TestCompaniesHouseEnrichment::test_companies_house_preserves_existing_data PASSED [  7%]
tests/integration/test_connector_enrichment.py::TestCompaniesHouseEnrichment::test_companies_house_returns_company PASSED [  7%]
tests/integration/test_connector_enrichment.py::TestNewsSignalEnrichment::test_news_signals_skips_without_name FAILED [  7%]
tests/integration/test_connector_enrichment.py::TestNewsSignalEnrichment::test_news_signals_returns_company PASSED [  7%]
tests/integration/test_connector_enrichment.py::TestEnrichmentPipeline::test_enrich_from_connectors_calls_all_methods PASSED [  7%]
tests/integration/test_connector_enrichment.py::TestEnrichmentPipeline::test_enrich_from_connectors_preserves_existing_data PASSED [  7%]
tests/integration/test_connector_enrichment.py::TestEnrichmentPipeline::test_data_source_tracking PASSED [  8%]
tests/integration/test_connector_enrichment.py::TestDataProvenance::test_provenance_dict_exists PASSED [  8%]
tests/integration/test_connector_enrichment.py::TestDataProvenance::test_provenance_tracks_sources PASSED [  8%]
tests/integration/test_connector_enrichment_phase_5.py::TestModelInheritance::test_unified_company_inherits_from_company PASSED [  8%]
tests/integration/test_connector_enrichment_phase_5.py::TestModelInheritance::test_unified_company_has_all_company_fields PASSED [  8%]
tests/integration/test_connector_enrichment_phase_5.py::TestModelDefaults::test_unified_company_default_enrichment_sources_is_empty_list PASSED [  8%]
tests/integration/test_connector_enrichment_phase_5.py::TestModelDefaults::test_unified_company_default_enrichment_errors_is_empty_list PASSED [  8%]
tests/integration/test_connector_enrichment_phase_5.py::TestModelDefaults::test_unified_company_default_ticker_is_none PASSED [  8%]
tests/integration/test_connector_enrichment_phase_5.py::TestModelDefaults::test_unified_company_default_company_number_is_none PASSED [  8%]
tests/integration/test_connector_enrichment_phase_5.py::TestModelTypeValidation::test_company_financials_must_be_financial_metric_or_none PASSED [  8%]
tests/integration/test_connector_enrichment_phase_5.py::TestModelTypeValidation::test_company_ticker_must_be_string_or_none PASSED [  8%]
tests/integration/test_connector_enrichment_phase_5.py::TestModelTypeValidation::test_company_enrichment_sources_must_be_list PASSED [  8%]
tests/integration/test_connector_enrichment_phase_5.py::TestAPITimeoutHandling::test_sec_edgar_api_error_handling PASSED [  8%]
tests/integration/test_connector_enrichment_phase_5.py::TestAPITimeoutHandling::test_companies_house_api_error_handling PASSED [  8%]
tests/integration/test_connector_enrichment_phase_5.py::TestAPITimeoutHandling::test_news_signals_api_error_handling PASSED [  8%]
tests/integration/test_connector_enrichment_phase_5.py::TestPartialFailure::test_enrichment_continues_with_multiple_companies PASSED [  9%]
tests/integration/test_connector_enrichment_phase_5.py::TestPartialFailure::test_enrichment_completes_with_mixed_results PASSED [  9%]
tests/integration/test_connector_enrichment_phase_5.py::TestMultiSourceFailure::test_multi_source_failure_is_handled PASSED [  9%]
tests/integration/test_connector_enrichment_phase_5.py::TestMultiSourceFailure::test_enrichment_falls_back_when_primary_source_fails PASSED [  9%]
tests/integration/test_connector_enrichment_phase_5.py::TestErrorMessageValidation::test_error_messages_are_strings PASSED [  9%]
tests/integration/test_connector_enrichment_phase_5.py::TestErrorMessageValidation::test_error_messages_dont_contain_secrets PASSED [  9%]
tests/integration/test_connector_enrichment_phase_5.py::TestDataCorruption::test_negative_revenue_is_rejected PASSED [  9%]
tests/integration/test_connector_enrichment_phase_5.py::TestDataCorruption::test_zero_revenue_is_rejected PASSED [  9%]
tests/integration/test_connector_enrichment_phase_5.py::TestDataCorruption::test_nan_values_are_rejected PASSED [  9%]
tests/integration/test_connector_enrichment_phase_5.py::TestDataReplacement::test_large_magnitude_difference_blocks_replacement PASSED [  9%]
tests/integration/test_connector_enrichment_phase_5.py::TestDataReplacement::test_confirmed_data_is_not_replaced PASSED [  9%]
tests/integration/test_connector_enrichment_phase_5.py::TestEnrichmentSourceTracking::test_enrichment_sources_populated_on_success PASSED [  9%]
tests/integration/test_connector_enrichment_phase_5.py::TestEnrichmentSourceTracking::test_no_duplicate_sources_in_enrichment_sources PASSED [  9%]
tests/integration/test_connector_enrichment_phase_5.py::TestEnrichmentTimestamps::test_enrichment_timestamps_tracked PASSED [  9%]
tests/integration/test_connector_enrichment_phase_5.py::TestEnrichmentTimestamps::test_timestamps_are_datetime_objects PASSED [  9%]
tests/integration/test_connector_enrichment_phase_5.py::TestEmptyDataset::test_enrich_empty_company_list PASSED [  9%]
tests/integration/test_connector_enrichment_phase_5.py::TestEmptyDataset::test_enrich_zero_companies_with_orchestrator PASSED [ 10%]
tests/integration/test_connector_enrichment_phase_5.py::TestLargeDataset::test_enrich_large_dataset PASSED [ 10%]
tests/integration/test_connector_enrichment_phase_5.py::TestIdempotency::test_duplicate_enrichment_produces_same_result PASSED [ 10%]
tests/integration/test_connector_enrichment_phase_5.py::TestIdempotency::test_enrichment_idempotent_with_orchestrator PASSED [ 10%]
tests/integration/test_connector_enrichment_phase_5.py::TestInvalidTicker::test_invalid_ticker_format_rejected PASSED [ 10%]
tests/integration/test_connector_enrichment_phase_5.py::TestInvalidTicker::test_empty_ticker_skips_enrichment PASSED [ 10%]
tests/integration/test_connector_enrichment_phase_5.py::TestInvalidCompanyNumber::test_invalid_company_number_format_rejected PASSED [ 10%]
tests/integration/test_connector_enrichment_phase_5.py::TestInvalidCompanyNumber::test_empty_company_number_skips_ch_enrichment PASSED [ 10%]
tests/integration/test_connector_enrichment_phase_5.py::TestConcurrency::test_concurrent_enrichment_of_multiple_companies PASSED [ 10%]
tests/integration/test_connector_enrichment_phase_5.py::TestConcurrency::test_thread_safe_enrichment PASSED [ 10%]
tests/integration/test_connector_enrichment_real.py::TestSECEdgarEnrichment::test_fill_nulls_from_sec_edgar_with_valid_ticker PASSED [ 10%]
tests/integration/test_connector_enrichment_real.py::TestSECEdgarEnrichment::test_fill_nulls_from_sec_edgar_never_replaces_existing PASSED [ 10%]
tests/integration/test_connector_enrichment_real.py::TestSECEdgarEnrichment::test_fill_nulls_from_sec_edgar_skips_without_ticker PASSED [ 10%]
tests/integration/test_connector_enrichment_real.py::TestSECEdgarEnrichment::test_fill_nulls_from_sec_edgar_handles_api_errors PASSED [ 10%]
tests/integration/test_connector_enrichment_real.py::TestCompaniesHouseEnrichment::test_fill_nulls_from_companies_house_with_valid_number PASSED [ 10%]
tests/integration/test_connector_enrichment_real.py::TestCompaniesHouseEnrichment::test_fill_nulls_from_companies_house_skips_without_number PASSED [ 10%]
tests/integration/test_connector_enrichment_real.py::TestNewsSignalEnrichment::test_attach_news_signals_handles_api_errors PASSED [ 11%]
tests/integration/test_connector_enrichment_real.py::TestEnrichmentPipeline::test_enrich_from_connectors_calls_all_enrichers PASSED [ 11%]
tests/integration/test_connector_enrichment_real.py::TestEnrichmentPipeline::test_enrich_from_connectors_graceful_failure PASSED [ 11%]
tests/integration/test_connector_enrichment_real.py::TestEnrichmentWithoutConnectors::test_enrichment_skipped_when_no_connectors FAILED [ 11%]
tests/integration/test_coordinator_to_api.py::test_coordinator_stores_audit_trail FAILED [ 11%]
tests/integration/test_coordinator_to_api.py::test_drill_down_signals_api FAILED [ 11%]
tests/integration/test_coordinator_to_api.py::test_drill_down_facts_api FAILED [ 11%]
tests/integration/test_coordinator_to_api.py::test_drill_down_data_quality_api FAILED [ 11%]
tests/integration/test_data_gathering_e2e.py::TestDataGatheringE2E::test_sec_edgar_connector_mocked PASSED [ 11%]
tests/integration/test_data_gathering_e2e.py::TestDataGatheringE2E::test_companies_house_connector_mocked PASSED [ 11%]
tests/integration/test_data_gathering_e2e.py::TestDataGatheringE2E::test_news_signal_detector_mocked PASSED [ 11%]
tests/integration/test_data_gathering_e2e.py::TestDataGatheringE2E::test_facts_storage_with_confidence PASSED [ 11%]
tests/integration/test_data_gathering_e2e.py::TestDataGatheringE2E::test_scoring_engine_ingests_facts PASSED [ 11%]
tests/integration/test_data_gathering_e2e.py::TestDataGatheringE2E::test_full_pipeline_five_companies PASSED [ 11%]
tests/integration/test_data_gathering_e2e.py::TestDataGatheringE2E::test_pipeline_completes_in_reasonable_time PASSED [ 11%]
tests/integration/test_data_migration.py::TestDataMigration::test_company_migration ERROR [ 11%]
tests/integration/test_data_migration.py::TestDataMigration::test_research_run_migration ERROR [ 12%]
tests/integration/test_data_migration.py::TestDataMigration::test_fact_migration_with_relationships ERROR [ 12%]
tests/integration/test_data_migration.py::TestDataMigration::test_signal_migration ERROR [ 12%]
tests/integration/test_data_migration.py::TestDataMigration::test_scoring_record_migration ERROR [ 12%]
tests/integration/test_data_migration.py::TestDataMigration::test_contradiction_migration ERROR [ 12%]
tests/integration/test_data_migration.py::TestDataMigration::test_json_field_migration ERROR [ 12%]
tests/integration/test_data_migration.py::TestDataMigration::test_batch_migration_simulation ERROR [ 12%]
tests/integration/test_data_migration.py::TestDataMigration::test_foreign_key_integrity ERROR [ 12%]
tests/integration/test_data_migration.py::TestMigrationScripts::test_migration_script_exists PASSED [ 12%]
tests/integration/test_data_migration.py::TestMigrationScripts::test_migration_script_importable PASSED [ 12%]
tests/integration/test_data_migration.py::TestMigrationScripts::test_simple_migration_script_exists PASSED [ 12%]
tests/integration/test_data_migration.py::TestMigrationScripts::test_verification_script_exists PASSED [ 12%]
tests/integration/test_data_migration.py::TestDataIntegrity::test_no_duplicate_ids ERROR [ 12%]
tests/integration/test_data_migration.py::TestDataIntegrity::test_required_fields_not_null ERROR [ 12%]
tests/integration/test_data_migration.py::TestDataIntegrity::test_date_consistency ERROR [ 12%]
tests/integration/test_data_migration_integration.py::TestMigrationCreatesCompanies::test_migration_creates_companies ERROR [ 12%]
tests/integration/test_data_migration_integration.py::TestMigrationCreatesCompanies::test_migration_creates_correct_company_names ERROR [ 13%]
tests/integration/test_data_migration_integration.py::TestMigrationCreatesCompanies::test_migration_creates_correct_industries ERROR [ 13%]
tests/integration/test_data_migration_integration.py::TestMigrationCreatesCompanies::test_migration_creates_correct_classifications ERROR [ 13%]
tests/integration/test_data_migration_integration.py::TestMigrationCreatesMetrics::test_migration_creates_ai_scores ERROR [ 13%]
tests/integration/test_data_migration_integration.py::TestMigrationCreatesMetrics::test_migration_creates_ai_maturity ERROR [ 13%]
tests/integration/test_data_migration_integration.py::TestMigrationCreatesMetrics::test_migration_creates_employee_counts ERROR [ 13%]
tests/integration/test_data_migration_integration.py::TestMigrationCreatesFinancials::test_migration_creates_revenue_data ERROR [ 13%]
tests/integration/test_data_migration_integration.py::TestMigrationCreatesFinancials::test_migration_creates_growth_rates ERROR [ 13%]
tests/integration/test_data_migration_integration.py::TestMigrationCreatesFinancials::test_migration_creates_profit_margins ERROR [ 13%]
tests/integration/test_data_migration_integration.py::TestMigrationCreatesFinancials::test_migration_creates_revenue_timeline ERROR [ 13%]
tests/integration/test_data_migration_integration.py::TestMigrationCreatesFinancials::test_migration_creates_cagr_values ERROR [ 13%]
tests/integration/test_data_migration_integration.py::TestMigrationIdempotency::test_migration_idempotent ERROR [ 13%]
tests/integration/test_data_migration_integration.py::TestMigrationIdempotency::test_migration_idempotent_data_consistency ERROR [ 13%]
tests/integration/test_data_migration_integration.py::TestMigrationWithEmptyDatabase::test_migration_with_empty_database ERROR [ 13%]
tests/integration/test_data_migration_integration.py::TestMigrationWithEmptyDatabase::test_migration_creates_all_required_fields ERROR [ 13%]
tests/integration/test_data_migration_integration.py::TestMigrationPreservesRelationships::test_migration_preserves_company_data_integrity ERROR [ 14%]
tests/integration/test_data_migration_integration.py::TestMigrationPreservesRelationships::test_migration_preserves_profitability_metrics ERROR [ 14%]
tests/integration/test_data_migration_integration.py::TestMigrationPreservesRelationships::test_migration_preserves_funding_data ERROR [ 14%]
tests/integration/test_data_migration_integration.py::TestMigrationEdgeCases::test_migration_with_missing_optional_fields ERROR [ 14%]
tests/integration/test_data_migration_integration.py::TestMigrationEdgeCases::test_migration_with_nonexistent_file ERROR [ 14%]
tests/integration/test_data_migration_integration.py::TestMigrationEdgeCases::test_migration_with_invalid_json ERROR [ 14%]
tests/integration/test_data_migration_integration.py::TestMigrationEdgeCases::test_migration_with_missing_competitors_key ERROR [ 14%]
tests/integration/test_data_migration_integration.py::TestMigrationDataQuality::test_migration_creates_timestamps ERROR [ 14%]
tests/integration/test_data_migration_integration.py::TestMigrationDataQuality::test_migration_sets_data_source ERROR [ 14%]
tests/integration/test_data_migration_integration.py::TestMigrationDataQuality::test_migration_numeric_fields_are_correct_type ERROR [ 14%]
tests/integration/test_eneve_pipeline_e2e.py::TestEnevelPipelineE2E::test_extract_and_merge_multiple_files FAILED [ 14%]
tests/integration/test_eneve_pipeline_e2e.py::TestEnevelPipelineE2E::test_load_from_json FAILED [ 14%]
tests/integration/test_eneve_pipeline_e2e.py::TestEnevelPipelineE2E::test_enrichment_with_confidence_scores FAILED [ 14%]
tests/integration/test_eneve_pipeline_e2e.py::TestEnevelPipelineE2E::test_enrichment_source_count PASSED [ 14%]
tests/integration/test_eneve_pipeline_e2e.py::TestEnevelPipelineE2E::test_validate_enriched_data_valid PASSED [ 14%]
tests/integration/test_eneve_pipeline_e2e.py::TestEnevelPipelineE2E::test_validate_enriched_data_invalid FAILED [ 14%]
tests/integration/test_eneve_pipeline_e2e.py::TestEnevelPipelineE2E::test_merge_enrichment_data FAILED [ 15%]
tests/integration/test_eneve_pipeline_e2e.py::TestEnevelPipelineE2E::test_pipeline_data_consistency FAILED [ 15%]
tests/integration/test_eneve_pipeline_e2e.py::TestEnevelPipelineScoring::test_none_base_score_handling PASSED [ 15%]
tests/integration/test_eneve_pipeline_e2e.py::TestEnevelPipelineScoring::test_json_loader_backward_compatibility PASSED [ 15%]
tests/integration/test_enrichment_api.py::TestHealthEndpoint::test_health_endpoint_returns_200 PASSED [ 15%]
tests/integration/test_enrichment_api.py::TestHealthEndpoint::test_health_endpoint_response_schema PASSED [ 15%]
tests/integration/test_enrichment_api.py::TestHealthEndpoint::test_health_endpoint_includes_all_components PASSED [ 15%]
tests/integration/test_enrichment_api.py::TestReadinessEndpoint::test_ready_endpoint_returns_200 PASSED [ 15%]
tests/integration/test_enrichment_api.py::TestReadinessEndpoint::test_ready_endpoint_response_schema PASSED [ 15%]
tests/integration/test_enrichment_api.py::TestReadinessEndpoint::test_ready_endpoint_checks_are_boolean PASSED [ 15%]
tests/integration/test_enrichment_api.py::TestMetricsEndpoint::test_metrics_endpoint_returns_200 PASSED [ 15%]
tests/integration/test_enrichment_api.py::TestMetricsEndpoint::test_metrics_endpoint_response_schema PASSED [ 15%]
tests/integration/test_enrichment_api.py::TestMetricsEndpoint::test_metrics_enrichment_section_complete PASSED [ 15%]
tests/integration/test_enrichment_api.py::TestSingleEnrichmentEndpoint::test_enrich_single_company_returns_200 PASSED [ 15%]
tests/integration/test_enrichment_api.py::TestSingleEnrichmentEndpoint::test_enrich_single_company_response_schema PASSED [ 15%]
tests/integration/test_enrichment_api.py::TestSingleEnrichmentEndpoint::test_enrich_invalid_company_id_returns_400 PASSED [ 15%]
tests/integration/test_enrichment_api.py::TestSingleEnrichmentEndpoint::test_enrich_missing_company_returns_404 PASSED [ 16%]
tests/integration/test_enrichment_api.py::TestSingleEnrichmentEndpoint::test_enrich_with_invalid_sources_returns_400 FAILED [ 16%]
tests/integration/test_enrichment_api.py::TestSingleEnrichmentEndpoint::test_enrich_respects_dry_run_flag PASSED [ 16%]
tests/integration/test_enrichment_api.py::TestSingleEnrichmentEndpoint::test_enrich_includes_enrichment_details PASSED [ 16%]
tests/integration/test_enrichment_api.py::TestSingleEnrichmentEndpoint::test_enrich_handles_connector_failure PASSED [ 16%]
tests/integration/test_enrichment_api.py::TestSingleEnrichmentEndpoint::test_enrich_returns_enriched_data_on_success PASSED [ 16%]
tests/integration/test_enrichment_api.py::TestSingleEnrichmentEndpoint::test_enrich_missing_required_fields_returns_400 PASSED [ 16%]
tests/integration/test_enrichment_api.py::TestSingleEnrichmentEndpoint::test_enrich_response_includes_status PASSED [ 16%]
tests/integration/test_enrichment_api.py::TestBatchEnrichmentEndpoint::test_batch_enrich_returns_200 PASSED [ 16%]
tests/integration/test_enrichment_api.py::TestBatchEnrichmentEndpoint::test_batch_enrich_response_schema PASSED [ 16%]
tests/integration/test_enrichment_api.py::TestBatchEnrichmentEndpoint::test_batch_enrich_empty_list_returns_400 FAILED [ 16%]
tests/integration/test_enrichment_api.py::TestBatchEnrichmentEndpoint::test_batch_enrich_too_many_companies_returns_400 FAILED [ 16%]
tests/integration/test_enrichment_api.py::TestBatchEnrichmentEndpoint::test_batch_enrich_invalid_batch_size_returns_400 FAILED [ 16%]
tests/integration/test_enrichment_api.py::TestBatchEnrichmentEndpoint::test_batch_enrich_respects_batch_size PASSED [ 16%]
tests/integration/test_enrichment_api.py::TestBatchEnrichmentEndpoint::test_batch_enrich_respects_use_cache_flag PASSED [ 16%]
tests/integration/test_enrichment_api.py::TestBatchEnrichmentEndpoint::test_batch_enrich_includes_metrics PASSED [ 16%]
tests/integration/test_enrichment_api.py::TestBatchEnrichmentEndpoint::test_batch_enrich_returns_all_results PASSED [ 17%]
tests/integration/test_enrichment_api.py::TestBatchEnrichmentEndpoint::test_batch_enrich_each_result_has_company_id PASSED [ 17%]
tests/integration/test_enrichment_api.py::TestBatchEnrichmentEndpoint::test_batch_enrich_partial_failure_handling PASSED [ 17%]
tests/integration/test_enrichment_api.py::TestBatchEnrichmentEndpoint::test_batch_enrich_dry_run_flag PASSED [ 17%]
tests/integration/test_enrichment_api.py::TestAuditTrailEndpoint::test_audit_trail_returns_200 PASSED [ 17%]
tests/integration/test_enrichment_api.py::TestAuditTrailEndpoint::test_audit_trail_response_schema PASSED [ 17%]
tests/integration/test_enrichment_api.py::TestAuditTrailEndpoint::test_audit_trail_entries_are_list PASSED [ 17%]
tests/integration/test_enrichment_api.py::TestAuditTrailEndpoint::test_audit_trail_respects_limit_parameter PASSED [ 17%]
tests/integration/test_enrichment_api.py::TestAuditTrailEndpoint::test_audit_trail_invalid_company_returns_404 PASSED [ 17%]
tests/integration/test_enrichment_api.py::TestAuditTrailEndpoint::test_audit_trail_includes_summary_stats PASSED [ 17%]
tests/integration/test_enrichment_api.py::TestAuditTrailEndpoint::test_audit_trail_each_entry_has_timestamp PASSED [ 17%]
tests/integration/test_enrichment_api.py::TestAuditTrailEndpoint::test_audit_trail_invalid_limit_returns_400 FAILED [ 17%]
tests/integration/test_enrichment_api.py::TestCacheEndpoints::test_cache_check_returns_200 PASSED [ 17%]
tests/integration/test_enrichment_api.py::TestCacheEndpoints::test_cache_check_response_schema PASSED [ 17%]
tests/integration/test_enrichment_api.py::TestCacheEndpoints::test_cache_clear_all_returns_200 PASSED [ 17%]
tests/integration/test_enrichment_api.py::TestCacheEndpoints::test_cache_clear_specific_returns_200 PASSED [ 18%]
tests/integration/test_enrichment_api.py::TestSecurityHeaders::test_security_headers_on_health_endpoint PASSED [ 18%]
tests/integration/test_enrichment_api.py::TestSecurityHeaders::test_security_headers_on_enrichment_endpoint PASSED [ 18%]
tests/integration/test_enrichment_api.py::TestSecurityHeaders::test_cors_headers_present PASSED [ 18%]
tests/integration/test_enrichment_api.py::TestSecurityHeaders::test_x_frame_options_header PASSED [ 18%]
tests/integration/test_enrichment_api.py::TestSecurityHeaders::test_csp_header_present PASSED [ 18%]
tests/integration/test_enrichment_api.py::TestRateLimiting::test_rate_limit_headers_present PASSED [ 18%]
tests/integration/test_enrichment_api.py::TestRateLimiting::test_rate_limit_exceeded_returns_429 PASSED [ 18%]
tests/integration/test_enrichment_api.py::TestRateLimiting::test_rate_limit_error_response_schema PASSED [ 18%]
tests/integration/test_enrichment_api.py::TestRateLimiting::test_rate_limit_reset_after_timeout PASSED [ 18%]
tests/integration/test_enrichment_api.py::TestRateLimiting::test_rate_limit_per_client PASSED [ 18%]
tests/integration/test_enrichment_api.py::TestInputValidation::test_invalid_json_returns_400 FAILED [ 18%]
tests/integration/test_enrichment_api.py::TestInputValidation::test_missing_required_fields_returns_400 PASSED [ 18%]
tests/integration/test_enrichment_api.py::TestInputValidation::test_invalid_data_type_returns_400 FAILED [ 18%]
tests/integration/test_enrichment_api.py::TestInputValidation::test_oversized_request_returns_413 FAILED [ 18%]
tests/integration/test_enrichment_api.py::TestInputValidation::test_special_characters_in_company_id PASSED [ 18%]
tests/integration/test_enrichment_api.py::TestErrorHandling::test_nonexistent_endpoint_returns_404 PASSED [ 19%]
tests/integration/test_enrichment_api.py::TestErrorHandling::test_error_response_has_message PASSED [ 19%]
tests/integration/test_enrichment_api.py::TestErrorHandling::test_method_not_allowed_returns_405 PASSED [ 19%]
tests/integration/test_enrichment_api.py::TestErrorHandling::test_connector_failure_graceful_degradation PASSED [ 19%]
tests/integration/test_enrichment_api.py::TestErrorHandling::test_database_error_graceful_handling PASSED [ 19%]
tests/integration/test_enrichment_api.py::TestErrorHandling::test_timeout_handling PASSED [ 19%]
tests/integration/test_enrichment_api.py::TestIntegration::test_enrichment_creates_audit_entry PASSED [ 19%]
tests/integration/test_enrichment_api.py::TestIntegration::test_cache_hit_updates_metrics PASSED [ 19%]
tests/integration/test_enrichment_api.py::TestIntegration::test_batch_enrichment_with_cache PASSED [ 19%]
tests/integration/test_enrichment_api.py::TestIntegration::test_cache_clear_affects_future_queries PASSED [ 19%]
tests/integration/test_enrichment_api.py::TestIntegration::test_rate_limit_persists_across_endpoints PASSED [ 19%]
tests/integration/test_enrichment_api.py::TestIntegration::test_audit_trail_shows_multiple_operations PASSED [ 19%]
tests/integration/test_enrichment_api.py::TestIntegration::test_batch_enrichment_audit_trail PASSED [ 19%]
tests/integration/test_enrichment_api.py::TestIntegration::test_health_check_before_operations PASSED [ 19%]
tests/integration/test_enrichment_api.py::TestPerformance::test_health_endpoint_is_fast PASSED [ 19%]
tests/integration/test_enrichment_api.py::TestPerformance::test_metrics_endpoint_is_fast PASSED [ 19%]
tests/integration/test_full_pipeline.py::TestStaticCatalogDiscovery::test_discovers_companies_for_energy_market PASSED [ 20%]
tests/integration/test_full_pipeline.py::TestStaticCatalogDiscovery::test_candidate_fields_populated PASSED [ 20%]
tests/integration/test_full_pipeline.py::TestCompetitorJsonDiscovery::test_discovers_companies PASSED [ 20%]
tests/integration/test_full_pipeline.py::TestWebSearchDiscovery::test_discovers_companies_via_web_search SKIPPED [ 20%]
tests/integration/test_full_pipeline.py::TestYahooFinanceEnrichment::test_enriches_with_valid_ticker PASSED [ 20%]
tests/integration/test_full_pipeline.py::TestYahooFinanceEnrichment::test_raises_without_ticker PASSED [ 20%]
tests/integration/test_full_pipeline.py::TestGlobalMarketEnrichment::test_enriches_with_valid_ticker PASSED [ 20%]
tests/integration/test_full_pipeline.py::TestGlobalMarketEnrichment::test_raises_without_ticker PASSED [ 20%]
tests/integration/test_full_pipeline.py::TestPatentEnrichment::test_enriches_known_company PASSED [ 20%]
tests/integration/test_full_pipeline.py::TestPatentEnrichment::test_enriches_company_without_ticker PASSED [ 20%]
tests/integration/test_full_pipeline.py::TestLinkedInEnrichment::test_enriches_known_company PASSED [ 20%]
tests/integration/test_full_pipeline.py::TestWebsiteEnrichment::test_raises_without_website PASSED [ 20%]
tests/integration/test_full_pipeline.py::TestNewsEnrichment::test_enriches_known_company SKIPPED [ 20%]
tests/integration/test_full_pipeline.py::TestFundingEnrichment::test_enriches_known_company SKIPPED [ 20%]
tests/integration/test_full_pipeline.py::TestAggregationWithRealData::test_multi_source_aggregation_produces_facts PASSED [ 20%]
tests/integration/test_full_pipeline.py::TestAggregationWithRealData::test_signal_extraction_from_real_aggregated_data PASSED [ 20%]
tests/integration/test_full_pipeline.py::TestFullPipelineIntegration::test_pipeline_produces_all_artifacts 